ggpo Sync AdjustSimulation: s.frameCount != frameCount
goroutine 1 [running, locked to thread]:
github.com/yuin/gopher-lua.(*LState).PCall.func1()
	github.com/yuin/gopher-lua@v0.0.0-20220504180219-658193537a64/state.go:1988 +0x1ea
panic({0x7ff7c0876480?, 0xc01c4be4e0?})
	runtime/panic.go:914 +0x21f
github.com/assemblaj/ggpo.(*Sync).CheckSimulation(0xc000b6cc40?, 0x0?)
	github.com/assemblaj/ggpo@v0.0.0-20230129160025-68dbb12db83e/sync.go:182 +0x4f
github.com/assemblaj/ggpo.(*Peer).Idle(0xc000b6cc40, 0x0, {0x0, 0x0, 0x0?})
	github.com/assemblaj/ggpo@v0.0.0-20230129160025-68dbb12db83e/peer.go:117 +0x11c
main.(*RollbackSystem).fight(0x7ff7c0830b80, 0x7ff7c08293c0)
	github.com/ikemen-engine/Ikemen-GO/src/rollback.go:102 +0x759
main.(*System).fight(0xc012d0cd80?)
	github.com/ikemen-engine/Ikemen-GO/src/system.go:1732 +0x571
main.systemScriptInit.func57.2()
	github.com/ikemen-engine/Ikemen-GO/src/script.go:991 +0x56a
main.systemScriptInit.func57(0xc00007e210)
	github.com/ikemen-engine/Ikemen-GO/src/script.go:1039 +0x3af
github.com/yuin/gopher-lua.callGFunction(0xc00007e210, 0x0)
	github.com/yuin/gopher-lua@v0.0.0-20220504180219-658193537a64/vm.go:202 +0x31
github.com/yuin/gopher-lua.init.3.func26(0xc00007e210, 0xc0c0001?, 0xc000222000?)
	github.com/yuin/gopher-lua@v0.0.0-20220504180219-658193537a64/vm.go:821 +0x365
github.com/yuin/gopher-lua.mainLoop(0xc00007e210, 0xc0001ec700?)
	github.com/yuin/gopher-lua@v0.0.0-20220504180219-658193537a64/vm.go:31 +0xe5
github.com/yuin/gopher-lua.(*LState).callR(0xc00007e210, 0x0, 0xffffffffffffffff, 0xc00006a148?)
	github.com/yuin/gopher-lua@v0.0.0-20220504180219-658193537a64/state.go:1211 +0x1bc
github.com/yuin/gopher-lua.(*LState).Call(...)
	github.com/yuin/gopher-lua@v0.0.0-20220504180219-658193537a64/state.go:1967
github.com/yuin/gopher-lua.(*LState).PCall(0xc00007e210, 0x0, 0xc0001ec700?, 0x0)
	github.com/yuin/gopher-lua@v0.0.0-20220504180219-658193537a64/state.go:2030 +0x11e
github.com/yuin/gopher-lua.(*LState).DoFile(0xc00007e210, {0xc0000b0a80?, 0x0?})
	github.com/yuin/gopher-lua@v0.0.0-20220504180219-658193537a64/auxlib.go:396 +0x65
main.main()
	github.com/ikemen-engine/Ikemen-GO/src/main.go:91 +0x21d

stack traceback:
	[G]: in function 'game'
	.\external\script\start.lua:1403: in function 'f_game'
	.\external\script\start.lua:1836: in function 'launchFight'
	external/script/default.lua:2: in function <external/script/default.lua:0>
	.\external\script\start.lua:1457: in function 'f'
	external/script/main.lua:3105: in function 'loop'
	external/script/main.lua:2685: in function <external/script/main.lua:2680>
	external/script/main.lua:3200: in function 'loop'
	external/script/main.lua:3189: in function 'loop'
	external/script/main.lua:3189: in function 'loop'
	external/script/main.lua:4156: in main chunk
	[G]: ?
